<?xml version="1.0" encoding="UTF-8"?>
<coverage generated="1462459571">
  <project timestamp="1462459571">
    <package name="App">
      <file name="/Users/andeladev/Code/learnanytime/app/Article.php">
        <class name="Article" namespace="App">
          <metrics complexity="3" methods="3" coveredmethods="0" conditionals="0" coveredconditionals="0" statements="9" coveredstatements="0" elements="12" coveredelements="0"/>
        </class>
        <line num="20" type="method" name="scopePublished" visibility="public" complexity="1" crap="2" count="0"/>
        <line num="21" type="stmt" count="0"/>
        <line num="22" type="stmt" count="0"/>
        <line num="23" type="stmt" count="0"/>
        <line num="25" type="method" name="scopeUnpublished" visibility="public" complexity="1" crap="2" count="0"/>
        <line num="26" type="stmt" count="0"/>
        <line num="27" type="stmt" count="0"/>
        <line num="28" type="stmt" count="0"/>
        <line num="30" type="method" name="setPublishedAtAttribute" visibility="public" complexity="1" crap="2" count="0"/>
        <line num="31" type="stmt" count="0"/>
        <line num="32" type="stmt" count="0"/>
        <line num="33" type="stmt" count="0"/>
        <metrics loc="34" ncloc="34" classes="1" methods="3" coveredmethods="0" conditionals="0" coveredconditionals="0" statements="9" coveredstatements="0" elements="12" coveredelements="0"/>
      </file>
      <file name="/Users/andeladev/Code/learnanytime/app/Category.php">
        <class name="Category" namespace="App">
          <metrics complexity="5" methods="5" coveredmethods="4" conditionals="0" coveredconditionals="0" statements="6" coveredstatements="5" elements="11" coveredelements="9"/>
        </class>
        <line num="16" type="method" name="videos" visibility="public" complexity="1" crap="2" count="0"/>
        <line num="18" type="stmt" count="0"/>
        <line num="21" type="method" name="scopeGetCategoriesByUserId" visibility="public" complexity="1" crap="1" count="2"/>
        <line num="23" type="stmt" count="2"/>
        <line num="26" type="method" name="scopeAllTrashedCategories" visibility="public" complexity="1" crap="1" count="2"/>
        <line num="29" type="stmt" count="2"/>
        <line num="30" type="stmt" count="2"/>
        <line num="33" type="method" name="scopeGetCategoryById" visibility="public" complexity="1" crap="1" count="2"/>
        <line num="35" type="stmt" count="2"/>
        <line num="38" type="method" name="scopeSetCategoryStatus" visibility="public" complexity="1" crap="1" count="1"/>
        <line num="40" type="stmt" count="1"/>
        <metrics loc="42" ncloc="42" classes="1" methods="5" coveredmethods="4" conditionals="0" coveredconditionals="0" statements="6" coveredstatements="5" elements="11" coveredelements="9"/>
      </file>
      <file name="/Users/andeladev/Code/learnanytime/app/Role.php">
        <class name="Role" namespace="App">
          <metrics complexity="1" methods="1" coveredmethods="0" conditionals="0" coveredconditionals="0" statements="3" coveredstatements="0" elements="4" coveredelements="0"/>
        </class>
        <line num="18" type="method" name="user" visibility="public" complexity="1" crap="2" count="0"/>
        <line num="19" type="stmt" count="0"/>
        <line num="20" type="stmt" count="0"/>
        <line num="21" type="stmt" count="0"/>
        <metrics loc="22" ncloc="17" classes="1" methods="1" coveredmethods="0" conditionals="0" coveredconditionals="0" statements="3" coveredstatements="0" elements="4" coveredelements="0"/>
      </file>
      <file name="/Users/andeladev/Code/learnanytime/app/User.php">
        <class name="User" namespace="App">
          <metrics complexity="2" methods="2" coveredmethods="0" conditionals="0" coveredconditionals="0" statements="2" coveredstatements="0" elements="4" coveredelements="0"/>
        </class>
        <line num="33" type="method" name="videos" visibility="public" complexity="1" crap="2" count="0"/>
        <line num="35" type="stmt" count="0"/>
        <line num="38" type="method" name="categories" visibility="public" complexity="1" crap="2" count="0"/>
        <line num="40" type="stmt" count="0"/>
        <metrics loc="42" ncloc="32" classes="1" methods="2" coveredmethods="0" conditionals="0" coveredconditionals="0" statements="2" coveredstatements="0" elements="4" coveredelements="0"/>
      </file>
      <file name="/Users/andeladev/Code/learnanytime/app/Video.php">
        <class name="Video" namespace="App">
          <metrics complexity="6" methods="6" coveredmethods="5" conditionals="0" coveredconditionals="0" statements="7" coveredstatements="6" elements="13" coveredelements="11"/>
        </class>
        <line num="16" type="method" name="category" visibility="public" complexity="1" crap="1" count="2"/>
        <line num="18" type="stmt" count="2"/>
        <line num="21" type="method" name="user" visibility="public" complexity="1" crap="2" count="0"/>
        <line num="23" type="stmt" count="0"/>
        <line num="26" type="method" name="scopeGetVideosByUserId" visibility="public" complexity="1" crap="1" count="2"/>
        <line num="29" type="stmt" count="2"/>
        <line num="32" type="method" name="scopeAllTrashedVideos" visibility="public" complexity="1" crap="1" count="2"/>
        <line num="35" type="stmt" count="2"/>
        <line num="36" type="stmt" count="2"/>
        <line num="39" type="method" name="scopeGetVideoById" visibility="public" complexity="1" crap="1" count="2"/>
        <line num="41" type="stmt" count="2"/>
        <line num="44" type="method" name="scopeSetVideoStatus" visibility="public" complexity="1" crap="1" count="1"/>
        <line num="46" type="stmt" count="1"/>
        <metrics loc="48" ncloc="48" classes="1" methods="6" coveredmethods="5" conditionals="0" coveredconditionals="0" statements="7" coveredstatements="6" elements="13" coveredelements="11"/>
      </file>
    </package>
    <package name="App\Console\Commands">
      <file name="/Users/andeladev/Code/learnanytime/app/Console/Commands/Inspire.php">
        <class name="Inspire" namespace="App\Console\Commands">
          <metrics complexity="1" methods="1" coveredmethods="0" conditionals="0" coveredconditionals="0" statements="3" coveredstatements="0" elements="4" coveredelements="0"/>
        </class>
        <line num="29" type="method" name="handle" visibility="public" complexity="1" crap="2" count="0"/>
        <line num="30" type="stmt" count="0"/>
        <line num="31" type="stmt" count="0"/>
        <line num="32" type="stmt" count="0"/>
        <metrics loc="33" ncloc="18" classes="1" methods="1" coveredmethods="0" conditionals="0" coveredconditionals="0" statements="3" coveredstatements="0" elements="4" coveredelements="0"/>
      </file>
    </package>
    <package name="App\Console">
      <file name="/Users/andeladev/Code/learnanytime/app/Console/Kernel.php">
        <class name="Kernel" namespace="App\Console">
          <metrics complexity="1" methods="1" coveredmethods="1" conditionals="0" coveredconditionals="0" statements="1" coveredstatements="1" elements="2" coveredelements="2"/>
        </class>
        <line num="26" type="method" name="schedule" visibility="protected" complexity="1" crap="1" count="31"/>
        <line num="30" type="stmt" count="31"/>
        <metrics loc="31" ncloc="13" classes="1" methods="1" coveredmethods="1" conditionals="0" coveredconditionals="0" statements="1" coveredstatements="1" elements="2" coveredelements="2"/>
      </file>
    </package>
    <package name="App\Events">
      <file name="/Users/andeladev/Code/learnanytime/app/Events/Event.php">
        <class name="Event" namespace="App\Events">
          <metrics complexity="0" methods="0" coveredmethods="0" conditionals="0" coveredconditionals="0" statements="0" coveredstatements="0" elements="0" coveredelements="0"/>
        </class>
        <metrics loc="8" ncloc="6" classes="1" methods="0" coveredmethods="0" conditionals="0" coveredconditionals="0" statements="0" coveredstatements="0" elements="0" coveredelements="0"/>
      </file>
    </package>
    <package name="App\Exceptions">
      <file name="/Users/andeladev/Code/learnanytime/app/Exceptions/Handler.php">
        <class name="Handler" namespace="App\Exceptions">
          <metrics complexity="2" methods="2" coveredmethods="2" conditionals="0" coveredconditionals="0" statements="3" coveredstatements="3" elements="5" coveredelements="5"/>
        </class>
        <line num="35" type="method" name="report" visibility="public" complexity="1" crap="1" count="14"/>
        <line num="37" type="stmt" count="14"/>
        <line num="38" type="stmt" count="14"/>
        <line num="48" type="method" name="render" visibility="public" complexity="1" crap="1" count="14"/>
        <line num="50" type="stmt" count="14"/>
        <metrics loc="52" ncloc="30" classes="1" methods="2" coveredmethods="2" conditionals="0" coveredconditionals="0" statements="3" coveredstatements="3" elements="5" coveredelements="5"/>
      </file>
    </package>
    <package name="App\Http\Controllers\Auth">
      <file name="/Users/andeladev/Code/learnanytime/app/Http/Controllers/Auth/AuthController.php">
        <class name="AuthController" namespace="App\Http\Controllers\Auth">
          <metrics complexity="11" methods="8" coveredmethods="2" conditionals="0" coveredconditionals="0" statements="36" coveredstatements="19" elements="44" coveredelements="21"/>
        </class>
        <line num="42" type="method" name="__construct" visibility="public" complexity="1" crap="1" count="1"/>
        <line num="44" type="stmt" count="1"/>
        <line num="45" type="stmt" count="1"/>
        <line num="54" type="method" name="validator" visibility="protected" complexity="1" crap="2" count="0"/>
        <line num="56" type="stmt" count="0"/>
        <line num="57" type="stmt" count="0"/>
        <line num="69" type="method" name="create" visibility="protected" complexity="1" crap="1" count="1"/>
        <line num="71" type="stmt" count="1"/>
        <line num="72" type="stmt" count="1"/>
        <line num="73" type="stmt" count="1"/>
        <line num="74" type="stmt" count="1"/>
        <line num="75" type="stmt" count="1"/>
        <line num="76" type="stmt" count="1"/>
        <line num="77" type="stmt" count="1"/>
        <line num="81" type="method" name="postRegister" visibility="public" complexity="3" crap="3.04" count="1"/>
        <line num="83" type="stmt" count="1"/>
        <line num="84" type="stmt" count="1"/>
        <line num="86" type="stmt" count="1"/>
        <line num="87" type="stmt" count="1"/>
        <line num="88" type="stmt" count="1"/>
        <line num="90" type="stmt" count="1"/>
        <line num="91" type="stmt" count="0"/>
        <line num="94" type="stmt" count="1"/>
        <line num="96" type="stmt" count="1"/>
        <line num="97" type="stmt" count="1"/>
        <line num="99" type="stmt" count="1"/>
        <line num="101" type="stmt" count="0"/>
        <line num="110" type="method" name="loginUser" visibility="public" complexity="2" crap="6" count="0"/>
        <line num="112" type="stmt" count="0"/>
        <line num="114" type="stmt" count="0"/>
        <line num="115" type="stmt" count="0"/>
        <line num="116" type="stmt" count="0"/>
        <line num="117" type="stmt" count="0"/>
        <line num="121" type="stmt" count="0"/>
        <line num="122" type="stmt" count="0"/>
        <line num="123" type="stmt" count="0"/>
        <line num="132" type="method" name="logUserOut" visibility="public" complexity="1" crap="2" count="0"/>
        <line num="134" type="stmt" count="0"/>
        <line num="136" type="stmt" count="0"/>
        <line num="144" type="method" name="redirectToProvider" visibility="public" complexity="1" crap="2" count="0"/>
        <line num="146" type="stmt" count="0"/>
        <line num="154" type="method" name="handleProviderCallback" visibility="public" complexity="1" crap="2" count="0"/>
        <line num="156" type="stmt" count="0"/>
        <line num="157" type="stmt" count="0"/>
        <metrics loc="158" ncloc="102" classes="1" methods="8" coveredmethods="2" conditionals="0" coveredconditionals="0" statements="36" coveredstatements="19" elements="44" coveredelements="21"/>
      </file>
      <file name="/Users/andeladev/Code/learnanytime/app/Http/Controllers/Auth/PasswordController.php">
        <class name="PasswordController" namespace="App\Http\Controllers\Auth">
          <metrics complexity="1" methods="1" coveredmethods="0" conditionals="0" coveredconditionals="0" statements="3" coveredstatements="0" elements="4" coveredelements="0"/>
        </class>
        <line num="28" type="method" name="__construct" visibility="public" complexity="1" crap="2" count="0"/>
        <line num="29" type="stmt" count="0"/>
        <line num="30" type="stmt" count="0"/>
        <line num="31" type="stmt" count="0"/>
        <metrics loc="32" ncloc="17" classes="1" methods="1" coveredmethods="0" conditionals="0" coveredconditionals="0" statements="3" coveredstatements="0" elements="4" coveredelements="0"/>
      </file>
    </package>
    <package name="App\Http\Controllers">
      <file name="/Users/andeladev/Code/learnanytime/app/Http/Controllers/CategoryController.php">
        <class name="CategoryController" namespace="App\Http\Controllers">
          <metrics complexity="10" methods="5" coveredmethods="5" conditionals="0" coveredconditionals="0" statements="34" coveredstatements="34" elements="39" coveredelements="39"/>
        </class>
        <line num="12" type="method" name="store" visibility="public" complexity="2" crap="2" count="1"/>
        <line num="14" type="stmt" count="1"/>
        <line num="15" type="stmt" count="1"/>
        <line num="16" type="stmt" count="1"/>
        <line num="17" type="stmt" count="1"/>
        <line num="20" type="stmt" count="1"/>
        <line num="21" type="stmt" count="1"/>
        <line num="22" type="stmt" count="1"/>
        <line num="23" type="stmt" count="1"/>
        <line num="33" type="method" name="updateCategory" visibility="public" complexity="2" crap="2" count="1"/>
        <line num="35" type="stmt" count="1"/>
        <line num="36" type="stmt" count="1"/>
        <line num="37" type="stmt" count="1"/>
        <line num="38" type="stmt" count="1"/>
        <line num="41" type="stmt" count="1"/>
        <line num="42" type="stmt" count="1"/>
        <line num="51" type="method" name="getCategory" visibility="public" complexity="2" crap="2" count="2"/>
        <line num="53" type="stmt" count="2"/>
        <line num="54" type="stmt" count="2"/>
        <line num="55" type="stmt" count="2"/>
        <line num="57" type="stmt" count="2"/>
        <line num="64" type="stmt" count="2"/>
        <line num="67" type="method" name="viewAllCategories" visibility="public" complexity="1" crap="1" count="2"/>
        <line num="69" type="stmt" count="2"/>
        <line num="71" type="stmt" count="2"/>
        <line num="72" type="stmt" count="2"/>
        <line num="73" type="stmt" count="2"/>
        <line num="75" type="stmt" count="2"/>
        <line num="76" type="stmt" count="2"/>
        <line num="78" type="stmt" count="2"/>
        <line num="79" type="stmt" count="2"/>
        <line num="80" type="stmt" count="2"/>
        <line num="84" type="method" name="changeCategoryStatus" visibility="public" complexity="3" crap="3" count="1"/>
        <line num="86" type="stmt" count="1"/>
        <line num="88" type="stmt" count="1"/>
        <line num="89" type="stmt" count="1"/>
        <line num="90" type="stmt" count="1"/>
        <line num="96" type="stmt" count="1"/>
        <line num="98" type="stmt" count="1"/>
        <metrics loc="108" ncloc="108" classes="1" methods="5" coveredmethods="5" conditionals="0" coveredconditionals="0" statements="34" coveredstatements="34" elements="39" coveredelements="39"/>
      </file>
      <file name="/Users/andeladev/Code/learnanytime/app/Http/Controllers/Controller.php">
        <class name="Controller" namespace="App\Http\Controllers">
          <metrics complexity="0" methods="0" coveredmethods="0" conditionals="0" coveredconditionals="0" statements="0" coveredstatements="0" elements="0" coveredelements="0"/>
        </class>
        <metrics loc="13" ncloc="13" classes="1" methods="0" coveredmethods="0" conditionals="0" coveredconditionals="0" statements="0" coveredstatements="0" elements="0" coveredelements="0"/>
      </file>
      <file name="/Users/andeladev/Code/learnanytime/app/Http/Controllers/HomeController.php">
        <class name="HomeController" namespace="App\Http\Controllers">
          <metrics complexity="2" methods="2" coveredmethods="0" conditionals="0" coveredconditionals="0" statements="6" coveredstatements="0" elements="8" coveredelements="0"/>
        </class>
        <line num="12" type="method" name="__construct" visibility="public" complexity="1" crap="2" count="0"/>
        <line num="13" type="stmt" count="0"/>
        <line num="14" type="stmt" count="0"/>
        <line num="15" type="stmt" count="0"/>
        <line num="22" type="method" name="index" visibility="public" complexity="1" crap="2" count="0"/>
        <line num="23" type="stmt" count="0"/>
        <line num="24" type="stmt" count="0"/>
        <line num="25" type="stmt" count="0"/>
        <metrics loc="26" ncloc="16" classes="1" methods="2" coveredmethods="0" conditionals="0" coveredconditionals="0" statements="6" coveredstatements="0" elements="8" coveredelements="0"/>
      </file>
      <file name="/Users/andeladev/Code/learnanytime/app/Http/Controllers/UserController.php">
        <class name="UserController" namespace="App\Http\Controllers">
          <metrics complexity="6" methods="3" coveredmethods="1" conditionals="0" coveredconditionals="0" statements="30" coveredstatements="24" elements="33" coveredelements="25"/>
        </class>
        <line num="14" type="method" name="updateProfile" visibility="public" complexity="2" crap="2.06" count="1"/>
        <line num="16" type="stmt" count="1"/>
        <line num="17" type="stmt" count="1"/>
        <line num="18" type="stmt" count="1"/>
        <line num="19" type="stmt" count="1"/>
        <line num="20" type="stmt" count="1"/>
        <line num="23" type="stmt" count="1"/>
        <line num="24" type="stmt" count="1"/>
        <line num="25" type="stmt" count="1"/>
        <line num="26" type="stmt" count="1"/>
        <line num="30" type="stmt" count="0"/>
        <line num="31" type="stmt" count="0"/>
        <line num="32" type="stmt" count="0"/>
        <line num="43" type="method" name="updateAvatar" visibility="public" complexity="3" crap="3.09" count="2"/>
        <line num="45" type="stmt" count="2"/>
        <line num="46" type="stmt" count="2"/>
        <line num="49" type="stmt" count="2"/>
        <line num="50" type="stmt" count="1"/>
        <line num="51" type="stmt" count="1"/>
        <line num="54" type="stmt" count="1"/>
        <line num="56" type="stmt" count="1"/>
        <line num="57" type="stmt" count="1"/>
        <line num="58" type="stmt" count="1"/>
        <line num="60" type="stmt" count="1"/>
        <line num="61" type="stmt" count="1"/>
        <line num="64" type="stmt" count="0"/>
        <line num="65" type="stmt" count="0"/>
        <line num="66" type="stmt" count="0"/>
        <line num="77" type="method" name="handleCloudinaryFileUpload" visibility="public" complexity="1" crap="1" count="1"/>
        <line num="79" type="stmt" count="1"/>
        <line num="80" type="stmt" count="1"/>
        <line num="81" type="stmt" count="1"/>
        <line num="87" type="stmt" count="1"/>
        <metrics loc="89" ncloc="75" classes="1" methods="3" coveredmethods="1" conditionals="0" coveredconditionals="0" statements="30" coveredstatements="24" elements="33" coveredelements="25"/>
      </file>
      <file name="/Users/andeladev/Code/learnanytime/app/Http/Controllers/VideoController.php">
        <class name="VideoController" namespace="App\Http\Controllers">
          <metrics complexity="13" methods="7" coveredmethods="7" conditionals="0" coveredconditionals="0" statements="44" coveredstatements="44" elements="51" coveredelements="51"/>
        </class>
        <line num="20" type="method" name="index" visibility="public" complexity="1" crap="1" count="11"/>
        <line num="22" type="stmt" count="11"/>
        <line num="24" type="stmt" count="11"/>
        <line num="34" type="method" name="store" visibility="public" complexity="2" crap="2" count="2"/>
        <line num="36" type="stmt" count="2"/>
        <line num="38" type="stmt" count="2"/>
        <line num="39" type="stmt" count="2"/>
        <line num="40" type="stmt" count="2"/>
        <line num="41" type="stmt" count="2"/>
        <line num="42" type="stmt" count="2"/>
        <line num="43" type="stmt" count="2"/>
        <line num="44" type="stmt" count="2"/>
        <line num="45" type="stmt" count="2"/>
        <line num="48" type="stmt" count="2"/>
        <line num="49" type="stmt" count="2"/>
        <line num="50" type="stmt" count="2"/>
        <line num="51" type="stmt" count="2"/>
        <line num="68" type="method" name="viewAllVideos" visibility="public" complexity="1" crap="1" count="2"/>
        <line num="70" type="stmt" count="2"/>
        <line num="72" type="stmt" count="2"/>
        <line num="73" type="stmt" count="2"/>
        <line num="74" type="stmt" count="2"/>
        <line num="76" type="stmt" count="2"/>
        <line num="77" type="stmt" count="2"/>
        <line num="78" type="stmt" count="2"/>
        <line num="80" type="stmt" count="2"/>
        <line num="90" type="method" name="getVideo" visibility="public" complexity="2" crap="2" count="2"/>
        <line num="92" type="stmt" count="2"/>
        <line num="93" type="stmt" count="2"/>
        <line num="94" type="stmt" count="2"/>
        <line num="96" type="stmt" count="2"/>
        <line num="98" type="stmt" count="2"/>
        <line num="105" type="stmt" count="2"/>
        <line num="116" type="method" name="updateVideo" visibility="public" complexity="2" crap="2" count="1"/>
        <line num="118" type="stmt" count="1"/>
        <line num="119" type="stmt" count="1"/>
        <line num="120" type="stmt" count="1"/>
        <line num="121" type="stmt" count="1"/>
        <line num="122" type="stmt" count="1"/>
        <line num="123" type="stmt" count="1"/>
        <line num="126" type="stmt" count="1"/>
        <line num="127" type="stmt" count="1"/>
        <line num="144" type="method" name="changeVideoStatus" visibility="public" complexity="2" crap="2" count="1"/>
        <line num="146" type="stmt" count="1"/>
        <line num="148" type="stmt" count="1"/>
        <line num="149" type="stmt" count="1"/>
        <line num="150" type="stmt" count="1"/>
        <line num="156" type="stmt" count="1"/>
        <line num="166" type="method" name="returnChangeVideoStatus" visibility="public" complexity="2" crap="2" count="1"/>
        <line num="168" type="stmt" count="1"/>
        <line num="170" type="stmt" count="1"/>
        <metrics loc="190" ncloc="136" classes="1" methods="7" coveredmethods="7" conditionals="0" coveredconditionals="0" statements="44" coveredstatements="44" elements="51" coveredelements="51"/>
      </file>
    </package>
    <package name="App\Http">
      <file name="/Users/andeladev/Code/learnanytime/app/Http/Kernel.php">
        <class name="Kernel" namespace="App\Http">
          <metrics complexity="0" methods="0" coveredmethods="0" conditionals="0" coveredconditionals="0" statements="0" coveredstatements="0" elements="0" coveredelements="0"/>
        </class>
        <metrics loc="52" ncloc="33" classes="1" methods="0" coveredmethods="0" conditionals="0" coveredconditionals="0" statements="0" coveredstatements="0" elements="0" coveredelements="0"/>
      </file>
    </package>
    <package name="App\Http\Middleware">
      <file name="/Users/andeladev/Code/learnanytime/app/Http/Middleware/Authenticate.php">
        <class name="Authenticate" namespace="App\Http\Middleware">
          <metrics complexity="4" methods="1" coveredmethods="0" conditionals="0" coveredconditionals="0" statements="5" coveredstatements="2" elements="6" coveredelements="2"/>
        </class>
        <line num="19" type="method" name="handle" visibility="public" complexity="4" crap="7.46" count="30"/>
        <line num="21" type="stmt" count="30"/>
        <line num="22" type="stmt" count="0"/>
        <line num="23" type="stmt" count="0"/>
        <line num="25" type="stmt" count="0"/>
        <line num="29" type="stmt" count="30"/>
        <metrics loc="31" ncloc="22" classes="1" methods="1" coveredmethods="0" conditionals="0" coveredconditionals="0" statements="5" coveredstatements="2" elements="6" coveredelements="2"/>
      </file>
      <file name="/Users/andeladev/Code/learnanytime/app/Http/Middleware/EncryptCookies.php">
        <class name="EncryptCookies" namespace="App\Http\Middleware">
          <metrics complexity="0" methods="0" coveredmethods="0" conditionals="0" coveredconditionals="0" statements="0" coveredstatements="0" elements="0" coveredelements="0"/>
        </class>
        <metrics loc="17" ncloc="10" classes="1" methods="0" coveredmethods="0" conditionals="0" coveredconditionals="0" statements="0" coveredstatements="0" elements="0" coveredelements="0"/>
      </file>
      <file name="/Users/andeladev/Code/learnanytime/app/Http/Middleware/RedirectIfAuthenticated.php">
        <class name="RedirectIfAuthenticated" namespace="App\Http\Middleware">
          <metrics complexity="2" methods="1" coveredmethods="0" conditionals="0" coveredconditionals="0" statements="6" coveredstatements="0" elements="7" coveredelements="0"/>
        </class>
        <line num="19" type="method" name="handle" visibility="public" complexity="2" crap="6" count="0"/>
        <line num="20" type="stmt" count="0"/>
        <line num="21" type="stmt" count="0"/>
        <line num="22" type="stmt" count="0"/>
        <line num="23" type="stmt" count="0"/>
        <line num="25" type="stmt" count="0"/>
        <line num="26" type="stmt" count="0"/>
        <metrics loc="27" ncloc="18" classes="1" methods="1" coveredmethods="0" conditionals="0" coveredconditionals="0" statements="6" coveredstatements="0" elements="7" coveredelements="0"/>
      </file>
      <file name="/Users/andeladev/Code/learnanytime/app/Http/Middleware/VerifyCsrfToken.php">
        <class name="VerifyCsrfToken" namespace="App\Http\Middleware">
          <metrics complexity="0" methods="0" coveredmethods="0" conditionals="0" coveredconditionals="0" statements="0" coveredstatements="0" elements="0" coveredelements="0"/>
        </class>
        <metrics loc="17" ncloc="10" classes="1" methods="0" coveredmethods="0" conditionals="0" coveredconditionals="0" statements="0" coveredstatements="0" elements="0" coveredelements="0"/>
      </file>
    </package>
    <package name="App\Http\Requests">
      <file name="/Users/andeladev/Code/learnanytime/app/Http/Requests/CategoryRequest.php">
        <class name="CategoryRequest" namespace="App\Http\Requests">
          <metrics complexity="2" methods="2" coveredmethods="2" conditionals="0" coveredconditionals="0" statements="2" coveredstatements="2" elements="4" coveredelements="4"/>
        </class>
        <line num="12" type="method" name="authorize" visibility="public" complexity="1" crap="1" count="6"/>
        <line num="14" type="stmt" count="6"/>
        <line num="22" type="method" name="rules" visibility="public" complexity="1" crap="1" count="6"/>
        <line num="25" type="stmt" count="6"/>
        <metrics loc="29" ncloc="19" classes="1" methods="2" coveredmethods="2" conditionals="0" coveredconditionals="0" statements="2" coveredstatements="2" elements="4" coveredelements="4"/>
      </file>
      <file name="/Users/andeladev/Code/learnanytime/app/Http/Requests/Request.php">
        <class name="Request" namespace="App\Http\Requests">
          <metrics complexity="0" methods="0" coveredmethods="0" conditionals="0" coveredconditionals="0" statements="0" coveredstatements="0" elements="0" coveredelements="0"/>
        </class>
        <metrics loc="9" ncloc="9" classes="1" methods="0" coveredmethods="0" conditionals="0" coveredconditionals="0" statements="0" coveredstatements="0" elements="0" coveredelements="0"/>
      </file>
      <file name="/Users/andeladev/Code/learnanytime/app/Http/Requests/UserRequest.php">
        <class name="UserRequest" namespace="App\Http\Requests">
          <metrics complexity="2" methods="2" coveredmethods="0" conditionals="0" coveredconditionals="0" statements="9" coveredstatements="0" elements="11" coveredelements="0"/>
        </class>
        <line num="12" type="method" name="authorize" visibility="public" complexity="1" crap="2" count="0"/>
        <line num="13" type="stmt" count="0"/>
        <line num="14" type="stmt" count="0"/>
        <line num="15" type="stmt" count="0"/>
        <line num="22" type="method" name="rules" visibility="public" complexity="1" crap="2" count="0"/>
        <line num="23" type="stmt" count="0"/>
        <line num="24" type="stmt" count="0"/>
        <line num="25" type="stmt" count="0"/>
        <line num="26" type="stmt" count="0"/>
        <line num="27" type="stmt" count="0"/>
        <line num="28" type="stmt" count="0"/>
        <metrics loc="29" ncloc="19" classes="1" methods="2" coveredmethods="0" conditionals="0" coveredconditionals="0" statements="9" coveredstatements="0" elements="11" coveredelements="0"/>
      </file>
      <file name="/Users/andeladev/Code/learnanytime/app/Http/Requests/UserSignupRequest.php">
        <class name="UserSignupRequest" namespace="App\Http\Requests">
          <metrics complexity="2" methods="2" coveredmethods="2" conditionals="0" coveredconditionals="0" statements="4" coveredstatements="4" elements="6" coveredelements="6"/>
        </class>
        <line num="14" type="method" name="authorize" visibility="public" complexity="1" crap="1" count="3"/>
        <line num="16" type="stmt" count="3"/>
        <line num="24" type="method" name="rules" visibility="public" complexity="1" crap="1" count="3"/>
        <line num="27" type="stmt" count="3"/>
        <line num="28" type="stmt" count="3"/>
        <line num="29" type="stmt" count="3"/>
        <metrics loc="32" ncloc="22" classes="1" methods="2" coveredmethods="2" conditionals="0" coveredconditionals="0" statements="4" coveredstatements="4" elements="6" coveredelements="6"/>
      </file>
      <file name="/Users/andeladev/Code/learnanytime/app/Http/Requests/VideoRequest.php">
        <class name="VideoRequest" namespace="App\Http\Requests">
          <metrics complexity="2" methods="2" coveredmethods="2" conditionals="0" coveredconditionals="0" statements="2" coveredstatements="2" elements="4" coveredelements="4"/>
        </class>
        <line num="12" type="method" name="authorize" visibility="public" complexity="1" crap="1" count="11"/>
        <line num="14" type="stmt" count="11"/>
        <line num="22" type="method" name="rules" visibility="public" complexity="1" crap="1" count="11"/>
        <line num="25" type="stmt" count="11"/>
        <metrics loc="31" ncloc="21" classes="1" methods="2" coveredmethods="2" conditionals="0" coveredconditionals="0" statements="2" coveredstatements="2" elements="4" coveredelements="4"/>
      </file>
    </package>
    <file name="/Users/andeladev/Code/learnanytime/app/Http/routes.php">
      <line num="16" type="stmt" count="31"/>
      <line num="23" type="stmt" count="31"/>
      <line num="27" type="stmt" count="31"/>
      <line num="29" type="stmt" count="31"/>
      <line num="32" type="stmt" count="6"/>
      <line num="33" type="stmt" count="31"/>
      <line num="35" type="stmt" count="31"/>
      <line num="36" type="stmt" count="31"/>
      <line num="40" type="stmt" count="5"/>
      <line num="41" type="stmt" count="31"/>
      <line num="43" type="stmt" count="31"/>
      <line num="44" type="stmt" count="31"/>
      <line num="47" type="stmt" count="31"/>
      <line num="48" type="stmt" count="31"/>
      <line num="51" type="stmt" count="31"/>
      <line num="52" type="stmt" count="31"/>
      <line num="55" type="stmt" count="31"/>
      <line num="56" type="stmt" count="31"/>
      <line num="59" type="stmt" count="31"/>
      <line num="60" type="stmt" count="31"/>
      <line num="63" type="stmt" count="31"/>
      <line num="64" type="stmt" count="31"/>
      <line num="67" type="stmt" count="31"/>
      <line num="68" type="stmt" count="31"/>
      <line num="71" type="stmt" count="31"/>
      <line num="72" type="stmt" count="31"/>
      <line num="75" type="stmt" count="31"/>
      <line num="76" type="stmt" count="31"/>
      <line num="79" type="stmt" count="31"/>
      <line num="80" type="stmt" count="31"/>
      <line num="83" type="stmt" count="31"/>
      <line num="84" type="stmt" count="31"/>
      <line num="87" type="stmt" count="31"/>
      <line num="88" type="stmt" count="31"/>
      <line num="91" type="stmt" count="31"/>
      <line num="105" type="stmt" count="31"/>
      <line num="106" type="stmt" count="31"/>
      <line num="107" type="stmt" count="31"/>
      <line num="108" type="stmt" count="31"/>
      <line num="109" type="stmt" count="31"/>
      <line num="114" type="stmt" count="31"/>
      <line num="118" type="stmt" count="31"/>
      <line num="119" type="stmt" count="31"/>
      <metrics loc="119" ncloc="96" classes="0" methods="0" coveredmethods="0" conditionals="0" coveredconditionals="0" statements="43" coveredstatements="43" elements="43" coveredelements="43"/>
    </file>
    <package name="App\Jobs">
      <file name="/Users/andeladev/Code/learnanytime/app/Jobs/Job.php">
        <class name="Job" namespace="App\Jobs">
          <metrics complexity="0" methods="0" coveredmethods="0" conditionals="0" coveredconditionals="0" statements="0" coveredstatements="0" elements="0" coveredelements="0"/>
        </class>
        <metrics loc="21" ncloc="11" classes="1" methods="0" coveredmethods="0" conditionals="0" coveredconditionals="0" statements="0" coveredstatements="0" elements="0" coveredelements="0"/>
      </file>
    </package>
    <package name="App\Providers">
      <file name="/Users/andeladev/Code/learnanytime/app/Providers/AppServiceProvider.php">
        <class name="AppServiceProvider" namespace="App\Providers">
          <metrics complexity="2" methods="2" coveredmethods="2" conditionals="0" coveredconditionals="0" statements="2" coveredstatements="2" elements="4" coveredelements="4"/>
        </class>
        <line num="14" type="method" name="boot" visibility="public" complexity="1" crap="1" count="31"/>
        <line num="17" type="stmt" count="31"/>
        <line num="24" type="method" name="register" visibility="public" complexity="1" crap="1" count="31"/>
        <line num="27" type="stmt" count="31"/>
        <metrics loc="28" ncloc="14" classes="1" methods="2" coveredmethods="2" conditionals="0" coveredconditionals="0" statements="2" coveredstatements="2" elements="4" coveredelements="4"/>
      </file>
      <file name="/Users/andeladev/Code/learnanytime/app/Providers/AuthServiceProvider.php">
        <class name="AuthServiceProvider" namespace="App\Providers">
          <metrics complexity="1" methods="1" coveredmethods="1" conditionals="0" coveredconditionals="0" statements="2" coveredstatements="2" elements="3" coveredelements="3"/>
        </class>
        <line num="26" type="method" name="boot" visibility="public" complexity="1" crap="1" count="31"/>
        <line num="28" type="stmt" count="31"/>
        <line num="31" type="stmt" count="31"/>
        <metrics loc="32" ncloc="18" classes="1" methods="1" coveredmethods="1" conditionals="0" coveredconditionals="0" statements="2" coveredstatements="2" elements="3" coveredelements="3"/>
      </file>
      <file name="/Users/andeladev/Code/learnanytime/app/Providers/EventServiceProvider.php">
        <class name="EventServiceProvider" namespace="App\Providers">
          <metrics complexity="1" methods="1" coveredmethods="1" conditionals="0" coveredconditionals="0" statements="2" coveredstatements="2" elements="3" coveredelements="3"/>
        </class>
        <line num="28" type="method" name="boot" visibility="public" complexity="1" crap="1" count="31"/>
        <line num="30" type="stmt" count="31"/>
        <line num="33" type="stmt" count="31"/>
        <metrics loc="34" ncloc="20" classes="1" methods="1" coveredmethods="1" conditionals="0" coveredconditionals="0" statements="2" coveredstatements="2" elements="3" coveredelements="3"/>
      </file>
      <file name="/Users/andeladev/Code/learnanytime/app/Providers/RouteServiceProvider.php">
        <class name="RouteServiceProvider" namespace="App\Providers">
          <metrics complexity="3" methods="2" coveredmethods="2" conditionals="0" coveredconditionals="0" statements="4" coveredstatements="4" elements="6" coveredelements="6"/>
        </class>
        <line num="26" type="method" name="boot" visibility="public" complexity="1" crap="1" count="31"/>
        <line num="30" type="stmt" count="31"/>
        <line num="31" type="stmt" count="31"/>
        <line num="42" type="method" name="anonymous function" complexity="1" crap="1" count="31"/>
        <line num="43" type="stmt" count="31"/>
        <line num="44" type="stmt" count="31"/>
        <line num="45" type="stmt" count="31"/>
        <metrics loc="46" ncloc="23" classes="1" methods="2" coveredmethods="2" conditionals="0" coveredconditionals="0" statements="5" coveredstatements="5" elements="7" coveredelements="7"/>
      </file>
    </package>
    <metrics files="32" loc="1482" ncloc="1072" classes="31" methods="63" coveredmethods="39" conditionals="0" coveredconditionals="0" statements="269" coveredstatements="200" elements="332" coveredelements="239"/>
  </project>
</coverage>
