<?xml version="1.0" encoding="UTF-8"?>
<testsuites>
  <testsuite name="VideoCategoryTest" file="/Users/andeladev/Code/learnanytime/tests/VideoCategoryTest.php" tests="10" assertions="39" failures="0" errors="0" time="20.430304">
    <testcase name="testVideoCategoryWasVisited" class="VideoCategoryTest" file="/Users/andeladev/Code/learnanytime/tests/VideoCategoryTest.php" line="9" assertions="2" time="9.930003"/>
    <testcase name="testThatVideoCategoryWasAddedEalier" class="VideoCategoryTest" file="/Users/andeladev/Code/learnanytime/tests/VideoCategoryTest.php" line="17" assertions="4" time="3.678641"/>
    <testcase name="testThatVideoCategoryWasSuccessful" class="VideoCategoryTest" file="/Users/andeladev/Code/learnanytime/tests/VideoCategoryTest.php" line="34" assertions="4" time="0.920623"/>
    <testcase name="testThatVideoCategoryNameFieldIsMissing" class="VideoCategoryTest" file="/Users/andeladev/Code/learnanytime/tests/VideoCategoryTest.php" line="51" assertions="4" time="0.839213"/>
    <testcase name="testThatVideoCategoryDescriptionFieldIsMissing" class="VideoCategoryTest" file="/Users/andeladev/Code/learnanytime/tests/VideoCategoryTest.php" line="67" assertions="4" time="0.950752"/>
    <testcase name="testThatVideoCategoryFieldsAreMissing" class="VideoCategoryTest" file="/Users/andeladev/Code/learnanytime/tests/VideoCategoryTest.php" line="83" assertions="5" time="0.882762"/>
    <testcase name="testThatVideoCategoryWasUpdated" class="VideoCategoryTest" file="/Users/andeladev/Code/learnanytime/tests/VideoCategoryTest.php" line="99" assertions="6" time="1.261148"/>
    <testcase name="testThatASingleCategoryWasRetrived" class="VideoCategoryTest" file="/Users/andeladev/Code/learnanytime/tests/VideoCategoryTest.php" line="117" assertions="2" time="0.621214"/>
    <testcase name="testgetAllCategories" class="VideoCategoryTest" file="/Users/andeladev/Code/learnanytime/tests/VideoCategoryTest.php" line="131" assertions="6" time="0.752642"/>
    <testcase name="testchangeCategoryStatus" class="VideoCategoryTest" file="/Users/andeladev/Code/learnanytime/tests/VideoCategoryTest.php" line="150" assertions="2" time="0.593306"/>
  </testsuite>
</testsuites>
