<?xml version="1.0" encoding="UTF-8"?>
<testsuites>
  <testsuite name="tests" tests="31" assertions="127" failures="0" errors="0" time="28.803939">
    <testsuite name="ProfileUpdateTest" file="/Users/andeladev/Code/learnanytime/tests/ProfileUpdateTest.php" tests="5" assertions="20" failures="0" errors="0" time="8.474003">
      <testcase name="testThatUserBackgroundDetailsWasUpdated" class="ProfileUpdateTest" file="/Users/andeladev/Code/learnanytime/tests/ProfileUpdateTest.php" line="9" assertions="4" time="2.830055"/>
      <testcase name="testThatUserBackgroundDetailsIsMissing" class="ProfileUpdateTest" file="/Users/andeladev/Code/learnanytime/tests/ProfileUpdateTest.php" line="20" assertions="4" time="0.872672"/>
      <testcase name="testThatSomeFieldsAreMissing" class="ProfileUpdateTest" file="/Users/andeladev/Code/learnanytime/tests/ProfileUpdateTest.php" line="33" assertions="4" time="0.764983"/>
      <testcase name="testThatImageWasNotSelected" class="ProfileUpdateTest" file="/Users/andeladev/Code/learnanytime/tests/ProfileUpdateTest.php" line="46" assertions="4" time="0.740377"/>
      <testcase name="testThatTheUserUploadProfilePicture" class="ProfileUpdateTest" file="/Users/andeladev/Code/learnanytime/tests/ProfileUpdateTest.php" line="56" assertions="4" time="3.265916"/>
    </testsuite>
    <testsuite name="UserSignUpTest" file="/Users/andeladev/Code/learnanytime/tests/UserSignUpTest.php" tests="1" assertions="0" failures="0" errors="0" time="0.788327">
      <testcase name="testCheckAllFieldsEmpty" class="UserSignUpTest" file="/Users/andeladev/Code/learnanytime/tests/UserSignUpTest.php" line="11" assertions="0" time="0.788327"/>
    </testsuite>
    <testsuite name="VideoCategoryTest" file="/Users/andeladev/Code/learnanytime/tests/VideoCategoryTest.php" tests="10" assertions="39" failures="0" errors="0" time="7.981646">
      <testcase name="testVideoCategoryWasVisited" class="VideoCategoryTest" file="/Users/andeladev/Code/learnanytime/tests/VideoCategoryTest.php" line="9" assertions="2" time="0.640077"/>
      <testcase name="testThatVideoCategoryWasAddedEalier" class="VideoCategoryTest" file="/Users/andeladev/Code/learnanytime/tests/VideoCategoryTest.php" line="17" assertions="4" time="1.117303"/>
      <testcase name="testThatVideoCategoryWasSuccessful" class="VideoCategoryTest" file="/Users/andeladev/Code/learnanytime/tests/VideoCategoryTest.php" line="34" assertions="4" time="0.891552"/>
      <testcase name="testThatVideoCategoryNameFieldIsMissing" class="VideoCategoryTest" file="/Users/andeladev/Code/learnanytime/tests/VideoCategoryTest.php" line="51" assertions="4" time="0.852421"/>
      <testcase name="testThatVideoCategoryDescriptionFieldIsMissing" class="VideoCategoryTest" file="/Users/andeladev/Code/learnanytime/tests/VideoCategoryTest.php" line="67" assertions="4" time="0.822424"/>
      <testcase name="testThatVideoCategoryFieldsAreMissing" class="VideoCategoryTest" file="/Users/andeladev/Code/learnanytime/tests/VideoCategoryTest.php" line="83" assertions="5" time="0.800338"/>
      <testcase name="testThatVideoCategoryWasUpdated" class="VideoCategoryTest" file="/Users/andeladev/Code/learnanytime/tests/VideoCategoryTest.php" line="99" assertions="6" time="1.014783"/>
      <testcase name="testThatASingleCategoryWasRetrived" class="VideoCategoryTest" file="/Users/andeladev/Code/learnanytime/tests/VideoCategoryTest.php" line="117" assertions="2" time="0.607212"/>
      <testcase name="testgetAllCategories" class="VideoCategoryTest" file="/Users/andeladev/Code/learnanytime/tests/VideoCategoryTest.php" line="131" assertions="6" time="0.670091"/>
      <testcase name="testchangeCategoryStatus" class="VideoCategoryTest" file="/Users/andeladev/Code/learnanytime/tests/VideoCategoryTest.php" line="150" assertions="2" time="0.565445"/>
    </testsuite>
    <testsuite name="VideoTest" file="/Users/andeladev/Code/learnanytime/tests/VideoTest.php" tests="15" assertions="68" failures="0" errors="0" time="11.559963">
      <testcase name="testVideoWasVisited" class="VideoTest" file="/Users/andeladev/Code/learnanytime/tests/VideoTest.php" line="9" assertions="2" time="0.566103"/>
      <testcase name="testThatVideoWasAddedEalier" class="VideoTest" file="/Users/andeladev/Code/learnanytime/tests/VideoTest.php" line="17" assertions="4" time="0.939205"/>
      <testcase name="testThatCreateVideoWasSuccessful" class="VideoTest" file="/Users/andeladev/Code/learnanytime/tests/VideoTest.php" line="38" assertions="4" time="0.854547"/>
      <testcase name="testThatAllFieldsAreMissingExceptDescription" class="VideoTest" file="/Users/andeladev/Code/learnanytime/tests/VideoTest.php" line="59" assertions="6" time="0.815000"/>
      <testcase name="testThatAllFieldsAreMissingExceptTitle" class="VideoTest" file="/Users/andeladev/Code/learnanytime/tests/VideoTest.php" line="79" assertions="6" time="0.804092"/>
      <testcase name="testThatAllFieldsAreMissingExceptUrl" class="VideoTest" file="/Users/andeladev/Code/learnanytime/tests/VideoTest.php" line="99" assertions="6" time="0.832946"/>
      <testcase name="testThatAllFieldsAreMissingExceptCategory" class="VideoTest" file="/Users/andeladev/Code/learnanytime/tests/VideoTest.php" line="119" assertions="6" time="0.793224"/>
      <testcase name="testThatUrlAndDescriptionFieldsAreMissing" class="VideoTest" file="/Users/andeladev/Code/learnanytime/tests/VideoTest.php" line="139" assertions="5" time="0.819304"/>
      <testcase name="testThatCategoryAndTitleFieldsAreMissing" class="VideoTest" file="/Users/andeladev/Code/learnanytime/tests/VideoTest.php" line="159" assertions="5" time="0.800358"/>
      <testcase name="testThatTitleAndDescriptionFieldsAreMissing" class="VideoTest" file="/Users/andeladev/Code/learnanytime/tests/VideoTest.php" line="179" assertions="5" time="0.791943"/>
      <testcase name="testThatCategoryAndUrlFieldsAreMissing" class="VideoTest" file="/Users/andeladev/Code/learnanytime/tests/VideoTest.php" line="199" assertions="5" time="0.807198"/>
      <testcase name="testThatVideoWasUpdated" class="VideoTest" file="/Users/andeladev/Code/learnanytime/tests/VideoTest.php" line="219" assertions="6" time="0.995352"/>
      <testcase name="testThatASingleVideoWasRetrived" class="VideoTest" file="/Users/andeladev/Code/learnanytime/tests/VideoTest.php" line="240" assertions="2" time="0.605603"/>
      <testcase name="testgetAllVideos" class="VideoTest" file="/Users/andeladev/Code/learnanytime/tests/VideoTest.php" line="256" assertions="4" time="0.626146"/>
      <testcase name="testchangeVideoStatus" class="VideoTest" file="/Users/andeladev/Code/learnanytime/tests/VideoTest.php" line="274" assertions="2" time="0.508942"/>
    </testsuite>
  </testsuite>
</testsuites>
